# JRE version: OpenJDK Runtime Environment Temurin-17.0.19+10 (17.0.19+10) (build 17.0.19+10)
# Java VM: OpenJDK 64-Bit Server VM Temurin-17.0.19+10 (17.0.19+10, mixed mode, sharing, tiered, compressed oops, compressed class ptrs, g1 gc, windows-amd64)
GC Precious Log:
 CPUs: 28 total, 28 available
 Memory: 16091M
 Large Page Support: Disabled
 NUMA Support: Disabled
 Compressed Oops: Enabled (32-bit)
 Heap Region Size: 1M
 Heap Min Capacity: 8M
 Heap Initial Capacity: 252M
 Heap Max Capacity: 2G
 Pre-touch: Disabled
 Parallel Workers: 20
 Concurrent Workers: 5
 Concurrent Refinement Workers: 20
 Periodic GC: Disabled
Heap:
 garbage-first heap   total 284672K, used 216169K [0x0000000080000000, 0x0000000100000000)
  region size 1024K, 61 young (62464K), 3 survivors (3072K)
 Metaspace       used 180965K, committed 181952K, reserved 1245184K
  class space    used 23926K, committed 24384K, reserved 1048576K
GC Heap History (20 events):
Event: 46.696 GC heap before
{Heap before GC invocations=64 (full 0):
 garbage-first heap   total 236544K, used 202051K [0x0000000080000000, 0x0000000100000000)
  region size 1024K, 52 young (53248K), 2 survivors (2048K)
 Metaspace       used 175833K, committed 176768K, reserved 1245184K
  class space    used 23274K, committed 23744K, reserved 1048576K
}
Event: 46.698 GC heap after
{Heap after GC invocations=65 (full 0):
 garbage-first heap   total 236544K, used 153654K [0x0000000080000000, 0x0000000100000000)
  region size 1024K, 4 young (4096K), 4 survivors (4096K)
 Metaspace       used 175833K, committed 176768K, reserved 1245184K
  class space    used 23274K, committed 23744K, reserved 1048576K
}
Event: 46.775 GC heap before
{Heap before GC invocations=65 (full 0):
 garbage-first heap   total 236544K, used 201782K [0x0000000080000000, 0x0000000100000000)
  region size 1024K, 52 young (53248K), 4 survivors (4096K)
 Metaspace       used 176302K, committed 177216K, reserved 1245184K
  class space    used 23347K, committed 23808K, reserved 1048576K
}
Event: 46.778 GC heap after
{Heap after GC invocations=66 (full 0):
 garbage-first heap   total 236544K, used 154447K [0x0000000080000000, 0x0000000100000000)
  region size 1024K, 4 young (4096K), 4 survivors (4096K)
 Metaspace       used 176302K, committed 177216K, reserved 1245184K
  class space    used 23347K, committed 23808K, reserved 1048576K
}
Event: 46.830 GC heap before
{Heap before GC invocations=66 (full 0):
 garbage-first heap   total 236544K, used 203599K [0x0000000080000000, 0x0000000100000000)
  region size 1024K, 52 young (53248K), 4 survivors (4096K)
 Metaspace       used 176673K, committed 177600K, reserved 1245184K
  class space    used 23442K, committed 23936K, reserved 1048576K
}
Event: 46.832 GC heap after
{Heap after GC invocations=67 (full 0):
 garbage-first heap   total 284672K, used 154305K [0x0000000080000000, 0x0000000100000000)
  region size 1024K, 4 young (4096K), 4 survivors (4096K)
 Metaspace       used 176673K, committed 177600K, reserved 1245184K
  class space    used 23442K, committed 23936K, reserved 1048576K
}
Event: 47.045 GC heap before
{Heap before GC invocations=67 (full 0):
 garbage-first heap   total 284672K, used 245441K [0x0000000080000000, 0x0000000100000000)
  region size 1024K, 93 young (95232K), 4 survivors (4096K)
 Metaspace       used 177039K, committed 177984K, reserved 1245184K
  class space    used 23470K, committed 23936K, reserved 1048576K
}
Event: 47.047 GC heap after
{Heap after GC invocations=68 (full 0):
 garbage-first heap   total 284672K, used 152737K [0x0000000080000000, 0x0000000100000000)
  region size 1024K, 2 young (2048K), 2 survivors (2048K)
 Metaspace       used 177039K, committed 177984K, reserved 1245184K
  class space    used 23470K, committed 23936K, reserved 1048576K
}
Event: 47.339 GC heap before
{Heap before GC invocations=68 (full 0):
 garbage-first heap   total 284672K, used 246945K [0x0000000080000000, 0x0000000100000000)
  region size 1024K, 94 young (96256K), 2 survivors (2048K)
 Metaspace       used 177512K, committed 178496K, reserved 1245184K
  class space    used 23526K, committed 24000K, reserved 1048576K
}
Event: 47.341 GC heap after
{Heap after GC invocations=69 (full 0):
 garbage-first heap   total 284672K, used 153021K [0x0000000080000000, 0x0000000100000000)
  region size 1024K, 3 young (3072K), 3 survivors (3072K)
 Metaspace       used 177512K, committed 178496K, reserved 1245184K
  class space    used 23526K, committed 24000K, reserved 1048576K
}
Event: 47.656 GC heap before
{Heap before GC invocations=69 (full 0):
 garbage-first heap   total 284672K, used 247229K [0x0000000080000000, 0x0000000100000000)
  region size 1024K, 95 young (97280K), 3 survivors (3072K)
 Metaspace       used 177617K, committed 178560K, reserved 1245184K
  class space    used 23526K, committed 24000K, reserved 1048576K
}
Event: 47.659 GC heap after
{Heap after GC invocations=70 (full 0):
 garbage-first heap   total 284672K, used 153252K [0x0000000080000000, 0x0000000100000000)
  region size 1024K, 3 young (3072K), 3 survivors (3072K)
 Metaspace       used 177617K, committed 178560K, reserved 1245184K
  class space    used 23526K, committed 24000K, reserved 1048576K
}
Event: 47.929 GC heap before
{Heap before GC invocations=70 (full 0):
 garbage-first heap   total 284672K, used 248484K [0x0000000080000000, 0x0000000100000000)
  region size 1024K, 96 young (98304K), 3 survivors (3072K)
 Metaspace       used 177645K, committed 178624K, reserved 1245184K
  class space    used 23528K, committed 24000K, reserved 1048576K
}
Event: 47.931 GC heap after
{Heap after GC invocations=71 (full 0):
 garbage-first heap   total 284672K, used 153640K [0x0000000080000000, 0x0000000100000000)
  region size 1024K, 3 young (3072K), 3 survivors (3072K)
 Metaspace       used 177645K, committed 178624K, reserved 1245184K
  class space    used 23528K, committed 24000K, reserved 1048576K
}
Event: 48.237 GC heap before
{Heap before GC invocations=71 (full 0):
 garbage-first heap   total 284672K, used 249896K [0x0000000080000000, 0x0000000100000000)
  region size 1024K, 97 young (99328K), 3 survivors (3072K)
 Metaspace       used 177734K, committed 178688K, reserved 1245184K
  class space    used 23535K, committed 24000K, reserved 1048576K
}
Event: 48.240 GC heap after
{Heap after GC invocations=72 (full 0):
 garbage-first heap   total 284672K, used 153968K [0x0000000080000000, 0x0000000100000000)
  region size 1024K, 3 young (3072K), 3 survivors (3072K)
 Metaspace       used 177734K, committed 178688K, reserved 1245184K
  class space    used 23535K, committed 24000K, reserved 1048576K
}
Event: 48.545 GC heap before
{Heap before GC invocations=72 (full 0):
 garbage-first heap   total 284672K, used 251248K [0x0000000080000000, 0x0000000100000000)
  region size 1024K, 98 young (100352K), 3 survivors (3072K)
 Metaspace       used 177751K, committed 178688K, reserved 1245184K
  class space    used 23535K, committed 24000K, reserved 1048576K
}
Event: 48.548 GC heap after
{Heap after GC invocations=73 (full 0):
 garbage-first heap   total 284672K, used 154262K [0x0000000080000000, 0x0000000100000000)
  region size 1024K, 4 young (4096K), 4 survivors (4096K)
 Metaspace       used 177751K, committed 178688K, reserved 1245184K
  class space    used 23535K, committed 24000K, reserved 1048576K
}
Event: 49.001 GC heap before
{Heap before GC invocations=73 (full 0):
 garbage-first heap   total 284672K, used 252566K [0x0000000080000000, 0x0000000100000000)
  region size 1024K, 98 young (100352K), 4 survivors (4096K)
 Metaspace       used 179042K, committed 179968K, reserved 1245184K
  class space    used 23695K, committed 24128K, reserved 1048576K
}
Event: 49.005 GC heap after
{Heap after GC invocations=74 (full 0):
 garbage-first heap   total 284672K, used 154729K [0x0000000080000000, 0x0000000100000000)
  region size 1024K, 3 young (3072K), 3 survivors (3072K)
 Metaspace       used 179042K, committed 179968K, reserved 1245184K
  class space    used 23695K, committed 24128K, reserved 1048576K
}

